<?xml version="1.0" encoding="UTF-8"?>
<testsuite name="bootcamp.hanghae_MainTest" tests="1" skipped="0" failures="0" errors="0" timestamp="2022-11-18T02:05:17" hostname="MacMonui-MacBookPro.local" time="0.034">
  <properties/>
  <testcase name="h3()" classname="bootcamp.hanghae_MainTest" time="0.034"/>
  <system-out><![CDATA[가즈아!!
(3,1)
(3,1)
(5,6)
(4,1)
끄읏~
]]></system-out>
  <system-err><![CDATA[]]></system-err>
</testsuite>
